0 info it worked if it ends with ok
1 verbose cli [ '/Users/pagem/.nvm/versions/node/v4.0.0/bin/node',
1 verbose cli   '/Users/pagem/.nvm/versions/node/v4.0.0/bin/npm',
1 verbose cli   'install',
1 verbose cli   'is-bzip',
1 verbose cli   '--save' ]
2 info using npm@2.14.2
3 info using node@v4.0.0
4 verbose install initial load of /Users/pagem/Documents/workspace/dataHog/package.json
5 verbose installManyTop reading scoped package data from /Users/pagem/Documents/workspace/dataHog/node_modules/async/package.json
6 verbose installManyTop reading scoped package data from /Users/pagem/Documents/workspace/dataHog/node_modules/body-parser/package.json
7 verbose installManyTop reading scoped package data from /Users/pagem/Documents/workspace/dataHog/node_modules/chai/package.json
8 verbose installManyTop reading scoped package data from /Users/pagem/Documents/workspace/dataHog/node_modules/cookie-parser/package.json
9 verbose installManyTop reading scoped package data from /Users/pagem/Documents/workspace/dataHog/node_modules/debug/package.json
10 verbose installManyTop reading scoped package data from /Users/pagem/Documents/workspace/dataHog/node_modules/ejs/package.json
11 verbose installManyTop reading scoped package data from /Users/pagem/Documents/workspace/dataHog/node_modules/express/package.json
12 verbose installManyTop reading scoped package data from /Users/pagem/Documents/workspace/dataHog/node_modules/fs-extra/package.json
13 verbose installManyTop reading scoped package data from /Users/pagem/Documents/workspace/dataHog/node_modules/ftp/package.json
14 verbose installManyTop reading scoped package data from /Users/pagem/Documents/workspace/dataHog/node_modules/is-gzip/package.json
15 verbose installManyTop reading scoped package data from /Users/pagem/Documents/workspace/dataHog/node_modules/md5/package.json
16 verbose installManyTop reading scoped package data from /Users/pagem/Documents/workspace/dataHog/node_modules/mocha/package.json
17 verbose installManyTop reading scoped package data from /Users/pagem/Documents/workspace/dataHog/node_modules/morgan/package.json
18 verbose installManyTop reading scoped package data from /Users/pagem/Documents/workspace/dataHog/node_modules/multer/package.json
19 verbose installManyTop reading scoped package data from /Users/pagem/Documents/workspace/dataHog/node_modules/request/package.json
20 verbose installManyTop reading scoped package data from /Users/pagem/Documents/workspace/dataHog/node_modules/thinky/package.json
21 verbose installManyTop reading scoped package data from /Users/pagem/Documents/workspace/dataHog/node_modules/xml2js/package.json
22 info package.json cookie-parser@1.3.4 No license field.
23 info package.json ftp@0.3.10 No license field.
24 verbose readDependencies loading dependencies from /Users/pagem/Documents/workspace/dataHog/package.json
25 silly cache add args [ 'is-bzip', null ]
26 verbose cache add spec is-bzip
27 silly cache add parsed spec Result {
27 silly cache add   raw: 'is-bzip',
27 silly cache add   scope: null,
27 silly cache add   name: 'is-bzip',
27 silly cache add   rawSpec: '',
27 silly cache add   spec: '*',
27 silly cache add   type: 'range' }
28 silly addNamed is-bzip@*
29 verbose addNamed "*" is a valid semver range for is-bzip
30 silly addNameRange { name: 'is-bzip', range: '*', hasData: false }
31 silly mapToRegistry name is-bzip
32 silly mapToRegistry using default registry
33 silly mapToRegistry registry https://registry.npmjs.org/
34 silly mapToRegistry uri https://registry.npmjs.org/is-bzip
35 verbose addNameRange registry:https://registry.npmjs.org/is-bzip not in flight; fetching
36 verbose request uri https://registry.npmjs.org/is-bzip
37 verbose request no auth needed
38 info attempt registry request try #1 at 2:30:56 PM
39 verbose request using bearer token for auth
40 verbose request id f555f60c9ea79e9f
41 http request GET https://registry.npmjs.org/is-bzip
42 http 404 https://registry.npmjs.org/is-bzip
43 verbose headers { 'content-type': 'application/json',
43 verbose headers   'cache-control': 'max-age=0',
43 verbose headers   'content-length': '2',
43 verbose headers   'accept-ranges': 'bytes',
43 verbose headers   date: 'Wed, 07 Oct 2015 13:30:56 GMT',
43 verbose headers   via: '1.1 varnish',
43 verbose headers   connection: 'keep-alive',
43 verbose headers   'x-served-by': 'cache-lcy1132-LCY',
43 verbose headers   'x-cache': 'MISS',
43 verbose headers   'x-cache-hits': '0',
43 verbose headers   'x-timer': 'S1444224656.841420,VS0,VE95' }
44 silly get cb [ 404,
44 silly get   { 'content-type': 'application/json',
44 silly get     'cache-control': 'max-age=0',
44 silly get     'content-length': '2',
44 silly get     'accept-ranges': 'bytes',
44 silly get     date: 'Wed, 07 Oct 2015 13:30:56 GMT',
44 silly get     via: '1.1 varnish',
44 silly get     connection: 'keep-alive',
44 silly get     'x-served-by': 'cache-lcy1132-LCY',
44 silly get     'x-cache': 'MISS',
44 silly get     'x-cache-hits': '0',
44 silly get     'x-timer': 'S1444224656.841420,VS0,VE95' } ]
45 verbose stack Error: Registry returned 404 for GET on https://registry.npmjs.org/is-bzip
45 verbose stack     at makeError (/Users/pagem/.nvm/versions/node/v4.0.0/lib/node_modules/npm/node_modules/npm-registry-client/lib/request.js:263:12)
45 verbose stack     at CachingRegistryClient.<anonymous> (/Users/pagem/.nvm/versions/node/v4.0.0/lib/node_modules/npm/node_modules/npm-registry-client/lib/request.js:241:14)
45 verbose stack     at Request._callback (/Users/pagem/.nvm/versions/node/v4.0.0/lib/node_modules/npm/node_modules/npm-registry-client/lib/request.js:171:14)
45 verbose stack     at Request.self.callback (/Users/pagem/.nvm/versions/node/v4.0.0/lib/node_modules/npm/node_modules/request/request.js:198:22)
45 verbose stack     at emitTwo (events.js:87:13)
45 verbose stack     at Request.emit (events.js:172:7)
45 verbose stack     at Request.<anonymous> (/Users/pagem/.nvm/versions/node/v4.0.0/lib/node_modules/npm/node_modules/request/request.js:1073:14)
45 verbose stack     at emitOne (events.js:82:20)
45 verbose stack     at Request.emit (events.js:169:7)
45 verbose stack     at IncomingMessage.<anonymous> (/Users/pagem/.nvm/versions/node/v4.0.0/lib/node_modules/npm/node_modules/request/request.js:1019:12)
46 verbose statusCode 404
47 verbose pkgid is-bzip
48 verbose cwd /Users/pagem/Documents/workspace/dataHog
49 error Darwin 15.0.0
50 error argv "/Users/pagem/.nvm/versions/node/v4.0.0/bin/node" "/Users/pagem/.nvm/versions/node/v4.0.0/bin/npm" "install" "is-bzip" "--save"
51 error node v4.0.0
52 error npm  v2.14.2
53 error code E404
54 error 404 Registry returned 404 for GET on https://registry.npmjs.org/is-bzip
54 error 404
54 error 404 'is-bzip' is not in the npm registry.
54 error 404 You should bug the author to publish it (or use the name yourself!)
54 error 404 It was specified as a dependency of 'Hog'
54 error 404
54 error 404 Note that you can also install from a
54 error 404 tarball, folder, http url, or git url.
55 verbose exit [ 1, true ]
